<?xml version="1.0" encoding="UTF-8"?>
<!-- Generated by org.testng.reporters.JUnitReportReporter -->
<testsuite hostname="DESKTOP-VBE86CG" failures="0" tests="1" name="Assignment1.Amazon_Using_Maven.TestCase5" time="23.207" errors="0" timestamp="2024-07-09T22:11:23 IST" skipped="0">
  <testcase classname="Assignment1.Amazon_Using_Maven.TestCase5" name="Amazon_CheckOut_page" time="23.207"/>
  <system-out/>
</testsuite> <!-- Assignment1.Amazon_Using_Maven.TestCase5 -->
