<?xml version="1.0" encoding="UTF-8"?>
<!-- Generated by org.testng.reporters.JUnitReportReporter -->
<testsuite hostname="DESKTOP-VBE86CG" failures="0" tests="1" name="Assignment1.Amazon_Using_Maven.TestCase2" time="10.954" errors="0" timestamp="2024-07-17T21:46:24 IST" skipped="0">
  <testcase classname="Assignment1.Amazon_Using_Maven.TestCase2" name="Login_amazon_Home_Page" time="10.954"/>
</testsuite> <!-- Assignment1.Amazon_Using_Maven.TestCase2 -->
